<?xml version="1.0" encoding="UTF-8"?>
<!-- Generated by org.testng.reporters.JUnitXMLReporter -->
<testsuite ignored="1" hostname="RAHUL" failures="3" tests="3" name="Default test(failed)" time="0.073" errors="0" timestamp="2024-09-18T14:36:36 IST">
  <testcase classname="testCases.TestClass7" name="m2" time="0.016">
    <failure type="java.lang.AssertionError" message="null">
      <![CDATA[java.lang.AssertionError: null
at testCases.TestClass7.m2(TestClass7.java:17)
at java.base/java.util.ArrayList.forEach(ArrayList.java:1596)
... Removed 27 stack frames]]>
    </failure>
  </testcase> <!-- m2 -->
  <testcase classname="testCases.TestClass7" name="m1" time="0.001">
    <failure type="java.lang.AssertionError" message="null">
      <![CDATA[java.lang.AssertionError: null
at testCases.TestClass7.m1(TestClass7.java:11)
at java.base/java.util.ArrayList.forEach(ArrayList.java:1596)
... Removed 27 stack frames]]>
    </failure>
  </testcase> <!-- m1 -->
  <testcase classname="testCases.TestClass7" name="m3" time="0.001">
    <failure type="java.lang.AssertionError" message="null">
      <![CDATA[java.lang.AssertionError: null
at testCases.TestClass7.m3(TestClass7.java:23)
at java.base/java.util.ArrayList.forEach(ArrayList.java:1596)
... Removed 27 stack frames]]>
    </failure>
  </testcase> <!-- m3 -->
  <testcase classname="testCases.TestClass7" name="m4" time="0.0">
    <ignored/>
  </testcase> <!-- m4 -->
</testsuite> <!-- Default test(failed) -->
