<?xml version="1.0" encoding="UTF-8"?>
<!-- Generated by org.testng.reporters.JUnitXMLReporter -->
<testsuite ignored="0" hostname="RAHUL" failures="4" tests="10" name="Surefire test" time="16.836" errors="0" timestamp="2024-10-04T19:31:04 IST">
  <testcase classname="testCases.TestClass1" name="testCase1" time="1.382">
    <failure type="java.lang.NullPointerException" message="Cannot invoke &amp;quot;java.util.Properties.getProperty(String)&amp;quot; because &amp;quot;this.prop&amp;quot; is null">
      <![CDATA[java.lang.NullPointerException: Cannot invoke "java.util.Properties.getProperty(String)" because "this.prop" is null
at utilities.GetPropertiesFile.getSearchText(GetPropertiesFile.java:41)
at testCases.TestClass1.testCase1(TestClass1.java:29)
at java.base/java.util.ArrayList.forEach(ArrayList.java:1596)
... Removed 30 stack frames]]>
    </failure>
  </testcase> <!-- testCase1 -->
  <testcase classname="testCases.TestClass1" name="testCase2" time="0.932"/>
  <testcase classname="testCases.TestClass1" name="testCase3" time="0.69"/>
  <testcase classname="testCases.TestClass1" name="testCase4" time="2.28"/>
  <testcase classname="testCases.TestClass2" name="m1" time="0.001"/>
  <testcase classname="testCases.TestClass4" name="m1" time="0.0"/>
  <testcase classname="testCases.TestClass7" name="m1" time="1.425">
    <failure type="java.lang.AssertionError" message="null">
      <![CDATA[java.lang.AssertionError: null
at testCases.TestClass7.m1(TestClass7.java:24)
at java.base/java.util.ArrayList.forEach(ArrayList.java:1596)
... Removed 32 stack frames]]>
    </failure>
  </testcase> <!-- m1 -->
  <testcase classname="testCases.TestClass7" name="m2" time="1.484">
    <failure type="java.lang.AssertionError" message="null">
      <![CDATA[java.lang.AssertionError: null
at testCases.TestClass7.m2(TestClass7.java:32)
at java.base/java.util.ArrayList.forEach(ArrayList.java:1596)
... Removed 32 stack frames]]>
    </failure>
  </testcase> <!-- m2 -->
  <testcase classname="testCases.TestClass7" name="m3" time="1.348">
    <failure type="java.lang.AssertionError" message="null">
      <![CDATA[java.lang.AssertionError: null
at testCases.TestClass7.m3(TestClass7.java:39)
at java.base/java.util.ArrayList.forEach(ArrayList.java:1596)
... Removed 32 stack frames]]>
    </failure>
  </testcase> <!-- m3 -->
  <testcase classname="testCases.TestClass7" name="m4" time="1.593"/>
</testsuite> <!-- Surefire test -->
