<?xml version="1.0" encoding="UTF-8"?>
<!-- Generated by org.testng.reporters.JUnitXMLReporter -->
<testsuite ignored="0" hostname="RAHUL" failures="1" tests="6" name="Surefire test" time="5.347" errors="0" timestamp="2024-09-16T15:23:32 IST">
  <testcase classname="testCases.TestClass1" name="testCase1" time="0.027">
    <failure type="java.lang.NullPointerException" message="Cannot invoke &amp;quot;java.util.Properties.getProperty(String)&amp;quot; because &amp;quot;this.prop&amp;quot; is null">
      <![CDATA[java.lang.NullPointerException: Cannot invoke "java.util.Properties.getProperty(String)" because "this.prop" is null
at utilities.GetPropertiesFile.getURL1(GetPropertiesFile.java:35)
at testCases.TestClass1.testCase1(TestClass1.java:32)
at java.base/java.util.ArrayList.forEach(ArrayList.java:1596)
... Removed 30 stack frames]]>
    </failure>
  </testcase> <!-- testCase1 -->
  <testcase classname="testCases.TestClass1" name="testCase2" time="0.863"/>
  <testcase classname="testCases.TestClass1" name="testCase3" time="0.612"/>
  <testcase classname="testCases.TestClass1" name="testCase4" time="1.662"/>
  <testcase classname="testCases.TestClass2" name="m1" time="0.0"/>
  <testcase classname="testCases.TestClass4" name="m1" time="0.0"/>
</testsuite> <!-- Surefire test -->
