<?xml version="1.0" encoding="UTF-8"?>
<!-- Generated by org.testng.reporters.JUnitXMLReporter -->
<testsuite ignored="0" hostname="RAHUL" failures="1" tests="4" name="test1" time="5.936" errors="0" timestamp="2024-09-24T14:17:39 IST">
  <testcase classname="testCases.TestClass1" name="testCase1" time="1.082">
    <failure type="java.lang.NullPointerException" message="Cannot invoke &amp;quot;java.util.Properties.getProperty(String)&amp;quot; because &amp;quot;this.prop&amp;quot; is null">
      <![CDATA[java.lang.NullPointerException: Cannot invoke "java.util.Properties.getProperty(String)" because "this.prop" is null
at utilities.GetPropertiesFile.getSearchText(GetPropertiesFile.java:41)
at testCases.TestClass1.testCase1(TestClass1.java:29)
at java.base/java.util.ArrayList.forEach(ArrayList.java:1596)
... Removed 25 stack frames]]>
    </failure>
  </testcase> <!-- testCase1 -->
  <testcase classname="testCases.TestClass1" name="testCase2" time="0.304"/>
  <testcase classname="testCases.TestClass1" name="testCase3" time="0.915"/>
  <testcase classname="testCases.TestClass1" name="testCase4" time="1.63"/>
</testsuite> <!-- test1 -->
