-------------------------------------------------------------------------------
Test set: TestSuite
-------------------------------------------------------------------------------
Tests run: 6, Failures: 1, Errors: 0, Skipped: 0, Time elapsed: 6.07 s <<< FAILURE! - in TestSuite
testCase1(testCases.TestClass1)  Time elapsed: 0.032 s  <<< FAILURE!
java.lang.NullPointerException: Cannot invoke "java.util.Properties.getProperty(String)" because "this.prop" is null
	at testCases.TestClass1.testCase1(TestClass1.java:32)

