<?xml version="1.0" encoding="UTF-8"?>
<testng-results ignored="0" total="10" passed="10" failed="0" skipped="0">
  <reporter-output>
  </reporter-output>
  <suite started-at="2024-10-04T20:03:58 IST" name="Surefire suite" finished-at="2024-10-04T20:04:13 IST" duration-ms="15714">
    <groups>
    </groups>
    <test started-at="2024-10-04T20:03:58 IST" name="Surefire test" finished-at="2024-10-04T20:04:13 IST" duration-ms="15714">
      <class name="testCases.TestClass7">
        <test-method is-config="true" signature="m5()[pri:0, instance:testCases.TestClass7@43f82e78]" started-at="2024-10-04T20:04:05 IST" name="m5" finished-at="2024-10-04T20:04:06 IST" duration-ms="932" status="PASS">
          <reporter-output>
          </reporter-output>
        </test-method> <!-- m5 -->
        <test-method signature="m1()[pri:0, instance:testCases.TestClass7@43f82e78]" started-at="2024-10-04T20:04:06 IST" name="m1" finished-at="2024-10-04T20:04:07 IST" duration-ms="1011" status="PASS">
          <reporter-output>
          </reporter-output>
        </test-method> <!-- m1 -->
        <test-method is-config="true" signature="m5()[pri:0, instance:testCases.TestClass7@43f82e78]" started-at="2024-10-04T20:04:07 IST" name="m5" finished-at="2024-10-04T20:04:08 IST" duration-ms="897" status="PASS">
          <reporter-output>
          </reporter-output>
        </test-method> <!-- m5 -->
        <test-method signature="m2()[pri:0, instance:testCases.TestClass7@43f82e78]" started-at="2024-10-04T20:04:08 IST" name="m2" finished-at="2024-10-04T20:04:09 IST" duration-ms="1038" status="PASS">
          <reporter-output>
          </reporter-output>
        </test-method> <!-- m2 -->
        <test-method is-config="true" signature="m5()[pri:0, instance:testCases.TestClass7@43f82e78]" started-at="2024-10-04T20:04:09 IST" name="m5" finished-at="2024-10-04T20:04:10 IST" duration-ms="965" status="PASS">
          <reporter-output>
          </reporter-output>
        </test-method> <!-- m5 -->
        <test-method signature="m3()[pri:0, instance:testCases.TestClass7@43f82e78]" started-at="2024-10-04T20:04:10 IST" name="m3" finished-at="2024-10-04T20:04:11 IST" duration-ms="1202" status="PASS">
          <reporter-output>
          </reporter-output>
        </test-method> <!-- m3 -->
        <test-method is-config="true" signature="m5()[pri:0, instance:testCases.TestClass7@43f82e78]" started-at="2024-10-04T20:04:11 IST" name="m5" finished-at="2024-10-04T20:04:12 IST" duration-ms="956" status="PASS">
          <reporter-output>
          </reporter-output>
        </test-method> <!-- m5 -->
        <test-method signature="m4()[pri:0, instance:testCases.TestClass7@43f82e78]" started-at="2024-10-04T20:04:12 IST" name="m4" finished-at="2024-10-04T20:04:13 IST" duration-ms="1478" status="PASS">
          <reporter-output>
          </reporter-output>
        </test-method> <!-- m4 -->
      </class> <!-- testCases.TestClass7 -->
      <class name="testCases.TestClass4">
        <test-method is-config="true" signature="setup()[pri:0, instance:testCases.TestClass4@32f232a5]" started-at="2024-10-04T20:04:04 IST" name="setup" finished-at="2024-10-04T20:04:05 IST" duration-ms="1075" status="PASS">
          <reporter-output>
          </reporter-output>
        </test-method> <!-- setup -->
        <test-method signature="m1()[pri:0, instance:testCases.TestClass4@32f232a5]" started-at="2024-10-04T20:04:05 IST" name="m1" finished-at="2024-10-04T20:04:05 IST" duration-ms="2" status="PASS">
          <reporter-output>
          </reporter-output>
        </test-method> <!-- m1 -->
        <test-method is-config="true" signature="tearDown()[pri:0, instance:testCases.TestClass4@32f232a5]" started-at="2024-10-04T20:04:05 IST" name="tearDown" finished-at="2024-10-04T20:04:05 IST" duration-ms="0" status="PASS">
          <reporter-output>
          </reporter-output>
        </test-method> <!-- tearDown -->
      </class> <!-- testCases.TestClass4 -->
      <class name="testCases.TestClass2">
        <test-method signature="m1()[pri:0, instance:testCases.TestClass2@2a448449]" started-at="2024-10-04T20:04:04 IST" name="m1" finished-at="2024-10-04T20:04:04 IST" duration-ms="1" status="PASS">
          <reporter-output>
          </reporter-output>
        </test-method> <!-- m1 -->
      </class> <!-- testCases.TestClass2 -->
      <class name="testCases.TestClass1">
        <test-method is-config="true" signature="setup()[pri:0, instance:testCases.TestClass1@22875539]" started-at="2024-10-04T20:03:58 IST" name="setup" finished-at="2024-10-04T20:03:59 IST" duration-ms="1318" status="PASS">
          <reporter-output>
          </reporter-output>
        </test-method> <!-- setup -->
        <test-method signature="testCase1()[pri:0, instance:testCases.TestClass1@22875539]" started-at="2024-10-04T20:03:59 IST" name="testCase1" finished-at="2024-10-04T20:04:00 IST" duration-ms="865" status="PASS">
          <reporter-output>
          </reporter-output>
        </test-method> <!-- testCase1 -->
        <test-method signature="testCase2()[pri:0, instance:testCases.TestClass1@22875539]" started-at="2024-10-04T20:04:00 IST" name="testCase2" finished-at="2024-10-04T20:04:01 IST" duration-ms="850" status="PASS">
          <reporter-output>
          </reporter-output>
        </test-method> <!-- testCase2 -->
        <test-method signature="testCase3()[pri:0, instance:testCases.TestClass1@22875539]" started-at="2024-10-04T20:04:01 IST" name="testCase3" finished-at="2024-10-04T20:04:01 IST" duration-ms="660" status="PASS">
          <reporter-output>
          </reporter-output>
        </test-method> <!-- testCase3 -->
        <test-method signature="testCase4()[pri:0, instance:testCases.TestClass1@22875539]" started-at="2024-10-04T20:04:01 IST" name="testCase4" finished-at="2024-10-04T20:04:04 IST" duration-ms="2425" status="PASS">
          <reporter-output>
          </reporter-output>
        </test-method> <!-- testCase4 -->
        <test-method is-config="true" signature="tearDown()[pri:0, instance:testCases.TestClass1@22875539]" started-at="2024-10-04T20:04:04 IST" name="tearDown" finished-at="2024-10-04T20:04:04 IST" duration-ms="0" status="PASS">
          <reporter-output>
          </reporter-output>
        </test-method> <!-- tearDown -->
      </class> <!-- testCases.TestClass1 -->
    </test> <!-- Surefire test -->
  </suite> <!-- Surefire suite -->
</testng-results>
