<?xml version="1.0" encoding="UTF-8"?>
<testng-results ignored="0" total="1" passed="1" failed="0" skipped="0">
  <reporter-output>
  </reporter-output>
  <suite started-at="2024-09-13T13:53:44 IST" name="suite" finished-at="2024-09-13T13:53:47 IST" duration-ms="2678">
    <groups>
    </groups>
    <test started-at="2024-09-13T13:53:44 IST" name="test" finished-at="2024-09-13T13:53:47 IST" duration-ms="2678">
      <class name="testCases.TestClass1">
        <test-method is-config="true" signature="setup()[pri:0, instance:testCases.TestClass1@4264b240]" started-at="2024-09-13T13:53:44 IST" name="setup" finished-at="2024-09-13T13:53:46 IST" duration-ms="1268" status="PASS">
          <reporter-output>
          </reporter-output>
        </test-method> <!-- setup -->
        <test-method signature="testCase1()[pri:0, instance:testCases.TestClass1@4264b240]" started-at="2024-09-13T13:53:46 IST" name="testCase1" finished-at="2024-09-13T13:53:47 IST" duration-ms="1381" status="PASS">
          <reporter-output>
          </reporter-output>
        </test-method> <!-- testCase1 -->
        <test-method is-config="true" signature="tearDown()[pri:0, instance:testCases.TestClass1@4264b240]" started-at="2024-09-13T13:53:47 IST" name="tearDown" finished-at="2024-09-13T13:53:47 IST" duration-ms="0" status="PASS">
          <reporter-output>
          </reporter-output>
        </test-method> <!-- tearDown -->
      </class> <!-- testCases.TestClass1 -->
    </test> <!-- test -->
  </suite> <!-- suite -->
</testng-results>
