<?xml version="1.0" encoding="UTF-8"?>
<testng-results ignored="0" total="4" passed="4" failed="0" skipped="0">
  <reporter-output>
  </reporter-output>
  <suite started-at="2024-10-04T19:45:37 IST" name="Default suite" finished-at="2024-10-04T19:45:44 IST" duration-ms="6539">
    <groups>
    </groups>
    <test started-at="2024-10-04T19:45:37 IST" name="Default test" finished-at="2024-10-04T19:45:44 IST" duration-ms="6539">
      <class name="testCases.TestClass1">
        <test-method is-config="true" signature="setup()[pri:0, instance:testCases.TestClass1@5ae81e1]" started-at="2024-10-04T19:45:37 IST" name="setup" finished-at="2024-10-04T19:45:38 IST" duration-ms="1303" status="PASS">
          <reporter-output>
          </reporter-output>
        </test-method> <!-- setup -->
        <test-method signature="testCase1()[pri:0, instance:testCases.TestClass1@5ae81e1]" started-at="2024-10-04T19:45:38 IST" name="testCase1" finished-at="2024-10-04T19:45:40 IST" duration-ms="1386" status="PASS">
          <reporter-output>
          </reporter-output>
        </test-method> <!-- testCase1 -->
        <test-method signature="testCase2()[pri:0, instance:testCases.TestClass1@5ae81e1]" started-at="2024-10-04T19:45:40 IST" name="testCase2" finished-at="2024-10-04T19:45:40 IST" duration-ms="604" status="PASS">
          <reporter-output>
          </reporter-output>
        </test-method> <!-- testCase2 -->
        <test-method signature="testCase3()[pri:0, instance:testCases.TestClass1@5ae81e1]" started-at="2024-10-04T19:45:40 IST" name="testCase3" finished-at="2024-10-04T19:45:41 IST" duration-ms="534" status="PASS">
          <reporter-output>
          </reporter-output>
        </test-method> <!-- testCase3 -->
        <test-method signature="testCase4()[pri:0, instance:testCases.TestClass1@5ae81e1]" started-at="2024-10-04T19:45:41 IST" name="testCase4" finished-at="2024-10-04T19:45:44 IST" duration-ms="2679" status="PASS">
          <reporter-output>
          </reporter-output>
        </test-method> <!-- testCase4 -->
        <test-method is-config="true" signature="tearDown()[pri:0, instance:testCases.TestClass1@5ae81e1]" started-at="2024-10-04T19:45:44 IST" name="tearDown" finished-at="2024-10-04T19:45:44 IST" duration-ms="0" status="PASS">
          <reporter-output>
          </reporter-output>
        </test-method> <!-- tearDown -->
      </class> <!-- testCases.TestClass1 -->
    </test> <!-- Default test -->
  </suite> <!-- Default suite -->
</testng-results>
